<?xml version="1.0" encoding="UTF-8"?>
<testsuite xmlns:xsi="http://www.w3.org/2001/XMLSchema-instance" xsi:noNamespaceSchemaLocation="https://maven.apache.org/surefire/maven-surefire-plugin/xsd/surefire-test-report-3.0.xsd" version="3.0" name="com.udacity.catpoint.security.service.SecurityServiceTest" time="1.102" tests="20" errors="0" skipped="0" failures="0">
  <properties>
    <property name="java.specification.version" value="17"/>
    <property name="sun.cpu.isalist" value="amd64"/>
    <property name="sun.jnu.encoding" value="Cp1252"/>
    <property name="java.class.path" value="C:\Users\ebill\Desktop\UDACITY-CitiScholarship\WebProgramming-Nanodegree(Citi)\7-JavaApplicationDeployment\udasecurity-starter\v3-udasecurity\securityservicemodule\target\test-classes;C:\Users\ebill\.m2\repository\software\amazon\awssdk\s3\2.17.261\s3-2.17.261.jar;C:\Users\ebill\.m2\repository\software\amazon\awssdk\aws-xml-protocol\2.17.261\aws-xml-protocol-2.17.261.jar;C:\Users\ebill\.m2\repository\software\amazon\awssdk\aws-query-protocol\2.17.261\aws-query-protocol-2.17.261.jar;C:\Users\ebill\.m2\repository\software\amazon\awssdk\protocol-core\2.17.261\protocol-core-2.17.261.jar;C:\Users\ebill\.m2\repository\software\amazon\awssdk\arns\2.17.261\arns-2.17.261.jar;C:\Users\ebill\.m2\repository\software\amazon\awssdk\profiles\2.17.261\profiles-2.17.261.jar;C:\Users\ebill\.m2\repository\org\reactivestreams\reactive-streams\1.0.3\reactive-streams-1.0.3.jar;C:\Users\ebill\.m2\repository\software\amazon\awssdk\json-utils\2.17.261\json-utils-2.17.261.jar;C:\Users\ebill\.m2\repository\software\amazon\eventstream\eventstream\1.0.1\eventstream-1.0.1.jar;C:\Users\ebill\.m2\repository\software\amazon\awssdk\http-client-spi\2.17.261\http-client-spi-2.17.261.jar;C:\Users\ebill\.m2\repository\software\amazon\awssdk\annotations\2.17.261\annotations-2.17.261.jar;C:\Users\ebill\.m2\repository\software\amazon\awssdk\utils\2.17.261\utils-2.17.261.jar;C:\Users\ebill\.m2\repository\software\amazon\awssdk\aws-core\2.17.261\aws-core-2.17.261.jar;C:\Users\ebill\.m2\repository\software\amazon\awssdk\metrics-spi\2.17.261\metrics-spi-2.17.261.jar;C:\Users\ebill\.m2\repository\software\amazon\awssdk\apache-client\2.17.261\apache-client-2.17.261.jar;C:\Users\ebill\.m2\repository\org\apache\httpcomponents\httpclient\4.5.13\httpclient-4.5.13.jar;C:\Users\ebill\.m2\repository\commons-logging\commons-logging\1.2\commons-logging-1.2.jar;C:\Users\ebill\.m2\repository\commons-codec\commons-codec\1.11\commons-codec-1.11.jar;C:\Users\ebill\.m2\repository\org\apache\httpcomponents\httpcore\4.4.13\httpcore-4.4.13.jar;C:\Users\ebill\.m2\repository\software\amazon\awssdk\netty-nio-client\2.17.261\netty-nio-client-2.17.261.jar;C:\Users\ebill\.m2\repository\io\netty\netty-codec-http\4.1.77.Final\netty-codec-http-4.1.77.Final.jar;C:\Users\ebill\.m2\repository\io\netty\netty-codec-http2\4.1.77.Final\netty-codec-http2-4.1.77.Final.jar;C:\Users\ebill\.m2\repository\io\netty\netty-codec\4.1.77.Final\netty-codec-4.1.77.Final.jar;C:\Users\ebill\.m2\repository\io\netty\netty-transport\4.1.77.Final\netty-transport-4.1.77.Final.jar;C:\Users\ebill\.m2\repository\io\netty\netty-resolver\4.1.77.Final\netty-resolver-4.1.77.Final.jar;C:\Users\ebill\.m2\repository\io\netty\netty-common\4.1.77.Final\netty-common-4.1.77.Final.jar;C:\Users\ebill\.m2\repository\io\netty\netty-buffer\4.1.77.Final\netty-buffer-4.1.77.Final.jar;C:\Users\ebill\.m2\repository\io\netty\netty-handler\4.1.77.Final\netty-handler-4.1.77.Final.jar;C:\Users\ebill\.m2\repository\io\netty\netty-transport-classes-epoll\4.1.77.Final\netty-transport-classes-epoll-4.1.77.Final.jar;C:\Users\ebill\.m2\repository\io\netty\netty-transport-native-unix-common\4.1.77.Final\netty-transport-native-unix-common-4.1.77.Final.jar;C:\Users\ebill\.m2\repository\software\amazon\awssdk\aws-json-protocol\2.17.261\aws-json-protocol-2.17.261.jar;C:\Users\ebill\.m2\repository\software\amazon\awssdk\third-party-jackson-core\2.17.261\third-party-jackson-core-2.17.261.jar;C:\Users\ebill\.m2\repository\com\google\guava\failureaccess\1.0.1\failureaccess-1.0.1.jar;C:\Users\ebill\.m2\repository\com\google\guava\listenablefuture\9999.0-empty-to-avoid-conflict-with-guava\listenablefuture-9999.0-empty-to-avoid-conflict-with-guava.jar;C:\Users\ebill\.m2\repository\com\google\code\findbugs\jsr305\3.0.2\jsr305-3.0.2.jar;C:\Users\ebill\.m2\repository\org\checkerframework\checker-qual\3.12.0\checker-qual-3.12.0.jar;C:\Users\ebill\.m2\repository\com\google\errorprone\error_prone_annotations\2.11.0\error_prone_annotations-2.11.0.jar;C:\Users\ebill\.m2\repository\com\google\j2objc\j2objc-annotations\1.3\j2objc-annotations-1.3.jar;C:\Users\ebill\.m2\repository\org\mockito\mockito-junit-jupiter\4.7.0\mockito-junit-jupiter-4.7.0.jar;C:\Users\ebill\.m2\repository\org\mockito\mockito-core\4.7.0\mockito-core-4.7.0.jar;C:\Users\ebill\.m2\repository\net\bytebuddy\byte-buddy\1.12.13\byte-buddy-1.12.13.jar;C:\Users\ebill\.m2\repository\net\bytebuddy\byte-buddy-agent\1.12.13\byte-buddy-agent-1.12.13.jar;C:\Users\ebill\.m2\repository\org\objenesis\objenesis\3.2\objenesis-3.2.jar;C:\Users\ebill\.m2\repository\org\junit\jupiter\junit-jupiter-api\5.9.0\junit-jupiter-api-5.9.0.jar;C:\Users\ebill\.m2\repository\org\opentest4j\opentest4j\1.2.0\opentest4j-1.2.0.jar;C:\Users\ebill\.m2\repository\org\junit\platform\junit-platform-commons\1.9.0\junit-platform-commons-1.9.0.jar;C:\Users\ebill\.m2\repository\org\apiguardian\apiguardian-api\1.1.2\apiguardian-api-1.1.2.jar;C:\Users\ebill\.m2\repository\org\junit\jupiter\junit-jupiter-engine\5.9.0\junit-jupiter-engine-5.9.0.jar;C:\Users\ebill\.m2\repository\org\junit\platform\junit-platform-engine\1.9.0\junit-platform-engine-1.9.0.jar;C:\Users\ebill\.m2\repository\org\junit\jupiter\junit-jupiter-params\5.9.0\junit-jupiter-params-5.9.0.jar;"/>
    <property name="java.vm.vendor" value="Oracle Corporation"/>
    <property name="sun.arch.data.model" value="64"/>
    <property name="user.variant" value=""/>
    <property name="java.vendor.url" value="https://java.oracle.com/"/>
    <property name="user.timezone" value="America/Port-au-Prince"/>
    <property name="os.name" value="Windows 11"/>
    <property name="java.vm.specification.version" value="17"/>
    <property name="sun.java.launcher" value="SUN_STANDARD"/>
    <property name="user.country" value="US"/>
    <property name="sun.boot.library.path" value="C:\Program Files\Java\jdk-17.0.4\bin"/>
    <property name="sun.java.command" value="org.apache.maven.surefire.booter.ForkedBooter C:\Users\ebill\AppData\Local\Temp\surefire15675859466570528129 2022-09-01T21-33-40_588-jvmRun1 surefire-20220901213341840_1tmp surefire_0-20220901213341840_2tmp"/>
    <property name="jdk.debug" value="release"/>
    <property name="surefire.test.class.path" value="C:\Users\ebill\Desktop\UDACITY-CitiScholarship\WebProgramming-Nanodegree(Citi)\7-JavaApplicationDeployment\udasecurity-starter\v3-udasecurity\securityservicemodule\target\test-classes;C:\Users\ebill\.m2\repository\software\amazon\awssdk\s3\2.17.261\s3-2.17.261.jar;C:\Users\ebill\.m2\repository\software\amazon\awssdk\aws-xml-protocol\2.17.261\aws-xml-protocol-2.17.261.jar;C:\Users\ebill\.m2\repository\software\amazon\awssdk\aws-query-protocol\2.17.261\aws-query-protocol-2.17.261.jar;C:\Users\ebill\.m2\repository\software\amazon\awssdk\protocol-core\2.17.261\protocol-core-2.17.261.jar;C:\Users\ebill\.m2\repository\software\amazon\awssdk\arns\2.17.261\arns-2.17.261.jar;C:\Users\ebill\.m2\repository\software\amazon\awssdk\profiles\2.17.261\profiles-2.17.261.jar;C:\Users\ebill\.m2\repository\org\reactivestreams\reactive-streams\1.0.3\reactive-streams-1.0.3.jar;C:\Users\ebill\.m2\repository\software\amazon\awssdk\json-utils\2.17.261\json-utils-2.17.261.jar;C:\Users\ebill\.m2\repository\software\amazon\eventstream\eventstream\1.0.1\eventstream-1.0.1.jar;C:\Users\ebill\.m2\repository\software\amazon\awssdk\http-client-spi\2.17.261\http-client-spi-2.17.261.jar;C:\Users\ebill\.m2\repository\software\amazon\awssdk\annotations\2.17.261\annotations-2.17.261.jar;C:\Users\ebill\.m2\repository\software\amazon\awssdk\utils\2.17.261\utils-2.17.261.jar;C:\Users\ebill\.m2\repository\software\amazon\awssdk\aws-core\2.17.261\aws-core-2.17.261.jar;C:\Users\ebill\.m2\repository\software\amazon\awssdk\metrics-spi\2.17.261\metrics-spi-2.17.261.jar;C:\Users\ebill\.m2\repository\software\amazon\awssdk\apache-client\2.17.261\apache-client-2.17.261.jar;C:\Users\ebill\.m2\repository\org\apache\httpcomponents\httpclient\4.5.13\httpclient-4.5.13.jar;C:\Users\ebill\.m2\repository\commons-logging\commons-logging\1.2\commons-logging-1.2.jar;C:\Users\ebill\.m2\repository\commons-codec\commons-codec\1.11\commons-codec-1.11.jar;C:\Users\ebill\.m2\repository\org\apache\httpcomponents\httpcore\4.4.13\httpcore-4.4.13.jar;C:\Users\ebill\.m2\repository\software\amazon\awssdk\netty-nio-client\2.17.261\netty-nio-client-2.17.261.jar;C:\Users\ebill\.m2\repository\io\netty\netty-codec-http\4.1.77.Final\netty-codec-http-4.1.77.Final.jar;C:\Users\ebill\.m2\repository\io\netty\netty-codec-http2\4.1.77.Final\netty-codec-http2-4.1.77.Final.jar;C:\Users\ebill\.m2\repository\io\netty\netty-codec\4.1.77.Final\netty-codec-4.1.77.Final.jar;C:\Users\ebill\.m2\repository\io\netty\netty-transport\4.1.77.Final\netty-transport-4.1.77.Final.jar;C:\Users\ebill\.m2\repository\io\netty\netty-resolver\4.1.77.Final\netty-resolver-4.1.77.Final.jar;C:\Users\ebill\.m2\repository\io\netty\netty-common\4.1.77.Final\netty-common-4.1.77.Final.jar;C:\Users\ebill\.m2\repository\io\netty\netty-buffer\4.1.77.Final\netty-buffer-4.1.77.Final.jar;C:\Users\ebill\.m2\repository\io\netty\netty-handler\4.1.77.Final\netty-handler-4.1.77.Final.jar;C:\Users\ebill\.m2\repository\io\netty\netty-transport-classes-epoll\4.1.77.Final\netty-transport-classes-epoll-4.1.77.Final.jar;C:\Users\ebill\.m2\repository\io\netty\netty-transport-native-unix-common\4.1.77.Final\netty-transport-native-unix-common-4.1.77.Final.jar;C:\Users\ebill\.m2\repository\software\amazon\awssdk\aws-json-protocol\2.17.261\aws-json-protocol-2.17.261.jar;C:\Users\ebill\.m2\repository\software\amazon\awssdk\third-party-jackson-core\2.17.261\third-party-jackson-core-2.17.261.jar;C:\Users\ebill\.m2\repository\com\google\guava\failureaccess\1.0.1\failureaccess-1.0.1.jar;C:\Users\ebill\.m2\repository\com\google\guava\listenablefuture\9999.0-empty-to-avoid-conflict-with-guava\listenablefuture-9999.0-empty-to-avoid-conflict-with-guava.jar;C:\Users\ebill\.m2\repository\com\google\code\findbugs\jsr305\3.0.2\jsr305-3.0.2.jar;C:\Users\ebill\.m2\repository\org\checkerframework\checker-qual\3.12.0\checker-qual-3.12.0.jar;C:\Users\ebill\.m2\repository\com\google\errorprone\error_prone_annotations\2.11.0\error_prone_annotations-2.11.0.jar;C:\Users\ebill\.m2\repository\com\google\j2objc\j2objc-annotations\1.3\j2objc-annotations-1.3.jar;C:\Users\ebill\.m2\repository\org\mockito\mockito-junit-jupiter\4.7.0\mockito-junit-jupiter-4.7.0.jar;C:\Users\ebill\.m2\repository\org\mockito\mockito-core\4.7.0\mockito-core-4.7.0.jar;C:\Users\ebill\.m2\repository\net\bytebuddy\byte-buddy\1.12.13\byte-buddy-1.12.13.jar;C:\Users\ebill\.m2\repository\net\bytebuddy\byte-buddy-agent\1.12.13\byte-buddy-agent-1.12.13.jar;C:\Users\ebill\.m2\repository\org\objenesis\objenesis\3.2\objenesis-3.2.jar;C:\Users\ebill\.m2\repository\org\junit\jupiter\junit-jupiter-api\5.9.0\junit-jupiter-api-5.9.0.jar;C:\Users\ebill\.m2\repository\org\opentest4j\opentest4j\1.2.0\opentest4j-1.2.0.jar;C:\Users\ebill\.m2\repository\org\junit\platform\junit-platform-commons\1.9.0\junit-platform-commons-1.9.0.jar;C:\Users\ebill\.m2\repository\org\apiguardian\apiguardian-api\1.1.2\apiguardian-api-1.1.2.jar;C:\Users\ebill\.m2\repository\org\junit\jupiter\junit-jupiter-engine\5.9.0\junit-jupiter-engine-5.9.0.jar;C:\Users\ebill\.m2\repository\org\junit\platform\junit-platform-engine\1.9.0\junit-platform-engine-1.9.0.jar;C:\Users\ebill\.m2\repository\org\junit\jupiter\junit-jupiter-params\5.9.0\junit-jupiter-params-5.9.0.jar;"/>
    <property name="sun.cpu.endian" value="little"/>
    <property name="user.home" value="C:\Users\ebill"/>
    <property name="user.language" value="en"/>
    <property name="java.specification.vendor" value="Oracle Corporation"/>
    <property name="jdk.module.path" value="C:\Users\ebill\Desktop\UDACITY-CitiScholarship\WebProgramming-Nanodegree(Citi)\7-JavaApplicationDeployment\udasecurity-starter\v3-udasecurity\securityservicemodule\target\classes;C:\Users\ebill\Desktop\UDACITY-CitiScholarship\WebProgramming-Nanodegree(Citi)\7-JavaApplicationDeployment\udasecurity-starter\v3-udasecurity\imageservicemodule\target\classes;C:\Users\ebill\.m2\repository\com\miglayout\miglayout\3.7.4\miglayout-3.7.4.jar;C:\Users\ebill\.m2\repository\org\slf4j\slf4j-api\2.0.0-beta1\slf4j-api-2.0.0-beta1.jar;C:\Users\ebill\.m2\repository\software\amazon\awssdk\sdk-core\2.17.261\sdk-core-2.17.261.jar;C:\Users\ebill\.m2\repository\software\amazon\awssdk\auth\2.17.261\auth-2.17.261.jar;C:\Users\ebill\.m2\repository\software\amazon\awssdk\regions\2.17.261\regions-2.17.261.jar;C:\Users\ebill\.m2\repository\software\amazon\awssdk\rekognition\2.17.261\rekognition-2.17.261.jar;C:\Users\ebill\.m2\repository\com\google\code\gson\gson\2.9.1\gson-2.9.1.jar;C:\Users\ebill\.m2\repository\com\google\guava\guava\31.1-jre\guava-31.1-jre.jar"/>
    <property name="java.version.date" value="2022-07-19"/>
    <property name="java.home" value="C:\Program Files\Java\jdk-17.0.4"/>
    <property name="file.separator" value="\"/>
    <property name="basedir" value="C:\Users\ebill\Desktop\UDACITY-CitiScholarship\WebProgramming-Nanodegree(Citi)\7-JavaApplicationDeployment\udasecurity-starter\v3-udasecurity\securityservicemodule"/>
    <property name="java.vm.compressedOopsMode" value="Zero based"/>
    <property name="line.separator" value="&#10;"/>
    <property name="java.vm.specification.vendor" value="Oracle Corporation"/>
    <property name="java.specification.name" value="Java Platform API Specification"/>
    <property name="surefire.real.class.path" value="C:\Users\ebill\.m2\repository\org\apache\maven\surefire\surefire-booter\3.0.0-M7\surefire-booter-3.0.0-M7.jar;C:\Users\ebill\.m2\repository\org\apache\maven\surefire\surefire-api\3.0.0-M7\surefire-api-3.0.0-M7.jar;C:\Users\ebill\.m2\repository\org\apache\maven\surefire\surefire-logger-api\3.0.0-M7\surefire-logger-api-3.0.0-M7.jar;C:\Users\ebill\.m2\repository\org\apache\maven\surefire\surefire-shared-utils\3.0.0-M7\surefire-shared-utils-3.0.0-M7.jar;C:\Users\ebill\.m2\repository\org\apache\maven\surefire\surefire-extensions-spi\3.0.0-M7\surefire-extensions-spi-3.0.0-M7.jar;C:\Users\ebill\Desktop\UDACITY-CitiScholarship\WebProgramming-Nanodegree(Citi)\7-JavaApplicationDeployment\udasecurity-starter\v3-udasecurity\securityservicemodule\target\test-classes;C:\Users\ebill\.m2\repository\software\amazon\awssdk\s3\2.17.261\s3-2.17.261.jar;C:\Users\ebill\.m2\repository\software\amazon\awssdk\aws-xml-protocol\2.17.261\aws-xml-protocol-2.17.261.jar;C:\Users\ebill\.m2\repository\software\amazon\awssdk\aws-query-protocol\2.17.261\aws-query-protocol-2.17.261.jar;C:\Users\ebill\.m2\repository\software\amazon\awssdk\protocol-core\2.17.261\protocol-core-2.17.261.jar;C:\Users\ebill\.m2\repository\software\amazon\awssdk\arns\2.17.261\arns-2.17.261.jar;C:\Users\ebill\.m2\repository\software\amazon\awssdk\profiles\2.17.261\profiles-2.17.261.jar;C:\Users\ebill\.m2\repository\org\reactivestreams\reactive-streams\1.0.3\reactive-streams-1.0.3.jar;C:\Users\ebill\.m2\repository\software\amazon\awssdk\json-utils\2.17.261\json-utils-2.17.261.jar;C:\Users\ebill\.m2\repository\software\amazon\eventstream\eventstream\1.0.1\eventstream-1.0.1.jar;C:\Users\ebill\.m2\repository\software\amazon\awssdk\http-client-spi\2.17.261\http-client-spi-2.17.261.jar;C:\Users\ebill\.m2\repository\software\amazon\awssdk\annotations\2.17.261\annotations-2.17.261.jar;C:\Users\ebill\.m2\repository\software\amazon\awssdk\utils\2.17.261\utils-2.17.261.jar;C:\Users\ebill\.m2\repository\software\amazon\awssdk\aws-core\2.17.261\aws-core-2.17.261.jar;C:\Users\ebill\.m2\repository\software\amazon\awssdk\metrics-spi\2.17.261\metrics-spi-2.17.261.jar;C:\Users\ebill\.m2\repository\software\amazon\awssdk\apache-client\2.17.261\apache-client-2.17.261.jar;C:\Users\ebill\.m2\repository\org\apache\httpcomponents\httpclient\4.5.13\httpclient-4.5.13.jar;C:\Users\ebill\.m2\repository\commons-logging\commons-logging\1.2\commons-logging-1.2.jar;C:\Users\ebill\.m2\repository\commons-codec\commons-codec\1.11\commons-codec-1.11.jar;C:\Users\ebill\.m2\repository\org\apache\httpcomponents\httpcore\4.4.13\httpcore-4.4.13.jar;C:\Users\ebill\.m2\repository\software\amazon\awssdk\netty-nio-client\2.17.261\netty-nio-client-2.17.261.jar;C:\Users\ebill\.m2\repository\io\netty\netty-codec-http\4.1.77.Final\netty-codec-http-4.1.77.Final.jar;C:\Users\ebill\.m2\repository\io\netty\netty-codec-http2\4.1.77.Final\netty-codec-http2-4.1.77.Final.jar;C:\Users\ebill\.m2\repository\io\netty\netty-codec\4.1.77.Final\netty-codec-4.1.77.Final.jar;C:\Users\ebill\.m2\repository\io\netty\netty-transport\4.1.77.Final\netty-transport-4.1.77.Final.jar;C:\Users\ebill\.m2\repository\io\netty\netty-resolver\4.1.77.Final\netty-resolver-4.1.77.Final.jar;C:\Users\ebill\.m2\repository\io\netty\netty-common\4.1.77.Final\netty-common-4.1.77.Final.jar;C:\Users\ebill\.m2\repository\io\netty\netty-buffer\4.1.77.Final\netty-buffer-4.1.77.Final.jar;C:\Users\ebill\.m2\repository\io\netty\netty-handler\4.1.77.Final\netty-handler-4.1.77.Final.jar;C:\Users\ebill\.m2\repository\io\netty\netty-transport-classes-epoll\4.1.77.Final\netty-transport-classes-epoll-4.1.77.Final.jar;C:\Users\ebill\.m2\repository\io\netty\netty-transport-native-unix-common\4.1.77.Final\netty-transport-native-unix-common-4.1.77.Final.jar;C:\Users\ebill\.m2\repository\software\amazon\awssdk\aws-json-protocol\2.17.261\aws-json-protocol-2.17.261.jar;C:\Users\ebill\.m2\repository\software\amazon\awssdk\third-party-jackson-core\2.17.261\third-party-jackson-core-2.17.261.jar;C:\Users\ebill\.m2\repository\com\google\guava\failureaccess\1.0.1\failureaccess-1.0.1.jar;C:\Users\ebill\.m2\repository\com\google\guava\listenablefuture\9999.0-empty-to-avoid-conflict-with-guava\listenablefuture-9999.0-empty-to-avoid-conflict-with-guava.jar;C:\Users\ebill\.m2\repository\com\google\code\findbugs\jsr305\3.0.2\jsr305-3.0.2.jar;C:\Users\ebill\.m2\repository\org\checkerframework\checker-qual\3.12.0\checker-qual-3.12.0.jar;C:\Users\ebill\.m2\repository\com\google\errorprone\error_prone_annotations\2.11.0\error_prone_annotations-2.11.0.jar;C:\Users\ebill\.m2\repository\com\google\j2objc\j2objc-annotations\1.3\j2objc-annotations-1.3.jar;C:\Users\ebill\.m2\repository\org\mockito\mockito-junit-jupiter\4.7.0\mockito-junit-jupiter-4.7.0.jar;C:\Users\ebill\.m2\repository\org\mockito\mockito-core\4.7.0\mockito-core-4.7.0.jar;C:\Users\ebill\.m2\repository\net\bytebuddy\byte-buddy\1.12.13\byte-buddy-1.12.13.jar;C:\Users\ebill\.m2\repository\net\bytebuddy\byte-buddy-agent\1.12.13\byte-buddy-agent-1.12.13.jar;C:\Users\ebill\.m2\repository\org\objenesis\objenesis\3.2\objenesis-3.2.jar;C:\Users\ebill\.m2\repository\org\junit\jupiter\junit-jupiter-api\5.9.0\junit-jupiter-api-5.9.0.jar;C:\Users\ebill\.m2\repository\org\opentest4j\opentest4j\1.2.0\opentest4j-1.2.0.jar;C:\Users\ebill\.m2\repository\org\junit\platform\junit-platform-commons\1.9.0\junit-platform-commons-1.9.0.jar;C:\Users\ebill\.m2\repository\org\apiguardian\apiguardian-api\1.1.2\apiguardian-api-1.1.2.jar;C:\Users\ebill\.m2\repository\org\junit\jupiter\junit-jupiter-engine\5.9.0\junit-jupiter-engine-5.9.0.jar;C:\Users\ebill\.m2\repository\org\junit\platform\junit-platform-engine\1.9.0\junit-platform-engine-1.9.0.jar;C:\Users\ebill\.m2\repository\org\junit\jupiter\junit-jupiter-params\5.9.0\junit-jupiter-params-5.9.0.jar;C:\Users\ebill\.m2\repository\org\apache\maven\surefire\surefire-junit-platform\3.0.0-M7\surefire-junit-platform-3.0.0-M7.jar;C:\Users\ebill\.m2\repository\org\apache\maven\surefire\common-java5\3.0.0-M7\common-java5-3.0.0-M7.jar;C:\Users\ebill\.m2\repository\org\junit\platform\junit-platform-launcher\1.9.0\junit-platform-launcher-1.9.0.jar"/>
    <property name="user.script" value=""/>
    <property name="sun.management.compiler" value="HotSpot 64-Bit Tiered Compilers"/>
    <property name="java.runtime.version" value="17.0.4+11-LTS-179"/>
    <property name="user.name" value="BillGJ"/>
    <property name="path.separator" value=";"/>
    <property name="os.version" value="10.0"/>
    <property name="java.runtime.name" value="Java(TM) SE Runtime Environment"/>
    <property name="file.encoding" value="Cp1252"/>
    <property name="java.vm.name" value="Java HotSpot(TM) 64-Bit Server VM"/>
    <property name="localRepository" value="C:\Users\ebill\.m2\repository"/>
    <property name="java.vendor.url.bug" value="https://bugreport.java.com/bugreport/"/>
    <property name="java.io.tmpdir" value="C:\Users\ebill\AppData\Local\Temp\"/>
    <property name="java.version" value="17.0.4"/>
    <property name="user.dir" value="C:\Users\ebill\Desktop\UDACITY-CitiScholarship\WebProgramming-Nanodegree(Citi)\7-JavaApplicationDeployment\udasecurity-starter\v3-udasecurity\securityservicemodule"/>
    <property name="os.arch" value="amd64"/>
    <property name="java.vm.specification.name" value="Java Virtual Machine Specification"/>
    <property name="sun.os.patch.level" value=""/>
    <property name="native.encoding" value="Cp1252"/>
    <property name="java.library.path" value="C:\Program Files\Java\jdk-17.0.4\bin;C:\WINDOWS\Sun\Java\bin;C:\WINDOWS\system32;C:\WINDOWS;C:\Program Files\Common Files\Oracle\Java\javapath;C:\Python27\;C:\Python27\Scripts;C:\WINDOWS\system32;C:\WINDOWS;C:\WINDOWS\System32\Wbem;C:\WINDOWS\System32\WindowsPowerShell\v1.0\;C:\WINDOWS\System32\OpenSSH\;C:\laragon\bin\php\php-7.2.19-Win32-VC15-x64;C:\ProgramData\ComposerSetup\bin;C:\ProgramData\chocolatey\bin;C:\Program Files (x86)\Yarn\bin\;C:\Program Files\Java\jdk-15.0.1\bin;C:\HashiCorp\Vagrant\bin;C:\Users\ebill\AppData\Roaming\nvm;C:\Program Files\nodejs;C:\Program Files\nodejs\;C:\Program Files\Maven\apache-maven-3.8.6\bin;C:\Program Files\PowerShell\7\;C:\Program Files\Git\cmd;C:\Users\ebill\AppData\Local\Microsoft\WindowsApps;C:\Users\ebill\AppData\Roaming\Composer\vendor\bin;C:\Users\ebill\AppData\Local\Yarn\bin;C:\Users\ebill\AppData\Local\Programs\Microsoft VS Code\bin;C:\Program Files\JetBrains\IntelliJ IDEA Community Edition 2020.3.1\bin;;C:\Users\ebill\AppData\Roaming\nvm;C:\Program Files\nodejs;C:\Users\ebill\AppData\Roaming\npm;."/>
    <property name="java.vm.info" value="mixed mode"/>
    <property name="java.vendor" value="Oracle Corporation"/>
    <property name="java.vm.version" value="17.0.4+11-LTS-179"/>
    <property name="sun.io.unicode.encoding" value="UnicodeLittle"/>
    <property name="java.class.version" value="61.0"/>
  </properties>
  <testcase name="changeSensorActivationStatus_ifSystemIsArmed_resetAllSensorsToInactive(ArmingStatus)[1]" classname="com.udacity.catpoint.security.service.SecurityServiceTest" time="0.725"/>
  <testcase name="changeSensorActivationStatus_ifSystemIsArmed_resetAllSensorsToInactive(ArmingStatus)[2]" classname="com.udacity.catpoint.security.service.SecurityServiceTest" time="0.003"/>
  <testcase name="setAlarmStatus_ifSensorActivatedWhileActiveAndSystemPending_changeToAlarmState" classname="com.udacity.catpoint.security.service.SecurityServiceTest" time="0.014"/>
  <testcase name="removeStatusListener" classname="com.udacity.catpoint.security.service.SecurityServiceTest" time="0.002"/>
  <testcase name="removeSensor" classname="com.udacity.catpoint.security.service.SecurityServiceTest" time="0.003"/>
  <testcase name="setAlarm_whenSystemIsArmedAndSensorsDeactivated_setAlarm" classname="com.udacity.catpoint.security.service.SecurityServiceTest" time="0.132"/>
  <testcase name="setAlarmStatus_ifPendingAlarmAndAllSensorsInactive_setNoAlarmState" classname="com.udacity.catpoint.security.service.SecurityServiceTest" time="0.005"/>
  <testcase name="ifSystemIsArmedHomeWhileCameraShowsACat_setAlarmStatusToAlarm" classname="com.udacity.catpoint.security.service.SecurityServiceTest" time="0.005"/>
  <testcase name="setAlarmStatus_ifAlarmIsArmedAndSensorActivated_putSystemIntoPendingAlarm(ArmingStatus)[1]" classname="com.udacity.catpoint.security.service.SecurityServiceTest" time="0.006"/>
  <testcase name="setAlarmStatus_ifAlarmIsArmedAndSensorActivated_putSystemIntoPendingAlarm(ArmingStatus)[2]" classname="com.udacity.catpoint.security.service.SecurityServiceTest" time="0.005"/>
  <testcase name="setAlarmStatus_ifSensorDeactivatedWhileInactive_noChangeToAlarmState(AlarmStatus)[1]" classname="com.udacity.catpoint.security.service.SecurityServiceTest" time="0.003"/>
  <testcase name="setAlarmStatus_ifSensorDeactivatedWhileInactive_noChangeToAlarmState(AlarmStatus)[2]" classname="com.udacity.catpoint.security.service.SecurityServiceTest" time="0.003"/>
  <testcase name="setAlarmStatus_ifSensorDeactivatedWhileInactive_noChangeToAlarmState(AlarmStatus)[3]" classname="com.udacity.catpoint.security.service.SecurityServiceTest" time="0.003"/>
  <testcase name="addSensor" classname="com.udacity.catpoint.security.service.SecurityServiceTest" time="0.002"/>
  <testcase name="addStatusListener" classname="com.udacity.catpoint.security.service.SecurityServiceTest" time="0.003"/>
  <testcase name="setAlarmStatus_ifAlarmArmedAndSensorActivatedAndAlarmPending_setAlarmStatusToAlarm" classname="com.udacity.catpoint.security.service.SecurityServiceTest" time="0.003"/>
  <testcase name="setAlarmStatus_ifSystemIsDisarmed_setStatusToNoAlarm" classname="com.udacity.catpoint.security.service.SecurityServiceTest" time="0.001"/>
  <testcase name="ifAlarmActive_changeInSensorStateShouldNotAffectAlarmState" classname="com.udacity.catpoint.security.service.SecurityServiceTest" time="0.004"/>
  <testcase name="setAlarmStatus_ifImageServiceIdentifiesAnImageContainingACatWhileSystemIsArmedHome_putSystemIntoAlarmStatus" classname="com.udacity.catpoint.security.service.SecurityServiceTest" time="0.004"/>
  <testcase name="setAlarmStatus_ifImageServiceIdentifiesImageNotContainingACat_changeStatusToNoAlarmAsLongAsSensorsAreNotActive" classname="com.udacity.catpoint.security.service.SecurityServiceTest" time="0.003"/>
</testsuite>